Using pre-set license
Built from '2021.1/staging' branch; Version is '2021.1.3f1 (4bef613afd59) revision 4976481'; Using compiler version '192528614'; Build Type 'Release'
OS: 'Windows 10 Home; OS build 19042.1165; Version 2009; 64bit' Language: 'en' Physical Memory: 16333 MB
BatchMode: 1, IsHumanControllingUs: 0, StartBugReporterOnCrash: 0, Is64bit: 1, IsPro: 0

 COMMAND LINE ARGUMENTS:
C:\Program Files\Unity\Hub\Editor\2021.1.3f1\Editor\Unity.exe
-adb2
-batchMode
-noUpm
-name
AssetImportWorker1
-projectPath
D:/Unity/Projects/Udemy/Laser-Defender/Laser Defender Redux
-logFile
Logs/AssetImportWorker1.log
-srvPort
57967
Successfully changed project path to: D:/Unity/Projects/Udemy/Laser-Defender/Laser Defender Redux
D:/Unity/Projects/Udemy/Laser-Defender/Laser Defender Redux
Using Asset Import Pipeline V2.
Refreshing native plugins compatible for Editor in 230.14 ms, found 2 plugins.
Preloading 0 native plugins for Editor in 0.00 ms.
Initialize engine version: 2021.1.3f1 (4bef613afd59)
[Subsystems] Discovering subsystems at path C:/Program Files/Unity/Hub/Editor/2021.1.3f1/Editor/Data/Resources/UnitySubsystems
[Subsystems] Discovering subsystems at path D:/Unity/Projects/Udemy/Laser-Defender/Laser Defender Redux/Assets
GfxDevice: creating device client; threaded=0; jobified=0
Direct3D:
    Version:  Direct3D 11.0 [level 11.1]
    Renderer: NVIDIA GeForce GTX 1660 (ID=0x2184)
    Vendor:   NVIDIA
    VRAM:     5991 MB
    Driver:   27.21.14.6677
Shader 'MoreMountains/MMRipple': fallback shader 'Particle/AlphaBlended' not found
Shader 'Universal Render Pipeline/Particles/Lit': fallback shader 'Universal Render Pipeline/Particles/SimpleLit' not found
Initialize mono
Mono path[0] = 'C:/Program Files/Unity/Hub/Editor/2021.1.3f1/Editor/Data/Managed'
Mono path[1] = 'C:/Program Files/Unity/Hub/Editor/2021.1.3f1/Editor/Data/MonoBleedingEdge/lib/mono/unityjit'
Mono config path = 'C:/Program Files/Unity/Hub/Editor/2021.1.3f1/Editor/Data/MonoBleedingEdge/etc'
Using monoOptions --debugger-agent=transport=dt_socket,embedding=1,server=y,suspend=n,address=127.0.0.1:56304
Begin MonoManager ReloadAssembly
Registering precompiled unity dll's ...
Register platform support module: C:/Program Files/Unity/Hub/Editor/2021.1.3f1/Editor/Data/PlaybackEngines/WebGLSupport/UnityEditor.WebGL.Extensions.dll
Register platform support module: C:/Program Files/Unity/Hub/Editor/2021.1.3f1/Editor/Data/PlaybackEngines/WindowsStandaloneSupport/UnityEditor.WindowsStandalone.Extensions.dll
Registered in 0.003044 seconds.
Native extension for WindowsStandalone target not found
Native extension for WebGL target not found
Refreshing native plugins compatible for Editor in 236.31 ms, found 2 plugins.
Preloading 0 native plugins for Editor in 0.00 ms.
Mono: successfully reloaded assembly
- Completed reload, in  1.993 seconds
Platform modules already initialized, skipping
Registering precompiled user dll's ...
Registered in 0.004487 seconds.
Begin MonoManager ReloadAssembly
Native extension for WindowsStandalone target not found
Native extension for WebGL target not found
Refreshing native plugins compatible for Editor in 242.56 ms, found 2 plugins.
Preloading 0 native plugins for Editor in 0.00 ms.
Mono: successfully reloaded assembly
- Completed reload, in  1.696 seconds
Platform modules already initialized, skipping
========================================================================
Worker process is ready to serve import requests
Shader 'Universal Render Pipeline/Particles/Lit': fallback shader 'Universal Render Pipeline/Particles/SimpleLit' not found
Shader 'MoreMountains/MMRipple': fallback shader 'Particle/AlphaBlended' not found
Launched and connected shader compiler UnityShaderCompiler.exe after 0.05 seconds
Refreshing native plugins compatible for Editor in 1.38 ms, found 2 plugins.
Preloading 0 native plugins for Editor in 0.00 ms.
Unloading 5377 Unused Serialized files (Serialized files now loaded: 0)
System memory in use before: 359.1 MB.
System memory in use after: 359.5 MB.

Unloading 34 unused Assets to reduce memory usage. Loaded Objects now: 5837.
Total: 3.723700 ms (FindLiveObjects: 0.413200 ms CreateObjectMapping: 0.157100 ms MarkObjects: 3.018800 ms  DeleteObjects: 0.133300 ms)

========================================================================
Received Import Request.
  path: Assets/Plugins/JMO Assets/Cartoon FX Remaster/CFXR Prefabs/Explosions/CFXR Explosion 3 Bigger.prefab
  artifactKey: Guid(6ba1454cd4061fa449ba3e22578c5d5d) Importer(815301076,1909f56bfc062723c751e8b465ee728b)
Start importing Assets/Plugins/JMO Assets/Cartoon FX Remaster/CFXR Prefabs/Explosions/CFXR Explosion 3 Bigger.prefab using Guid(6ba1454cd4061fa449ba3e22578c5d5d) Importer(815301076,1909f56bfc062723c751e8b465ee728b)  -> (artifact id: '3f462d038a2b691554143ff91610ae81') in 0.072573 seconds 
========================================================================
Received Prepare
Registering precompiled user dll's ...
Registered in 0.004559 seconds.
Begin MonoManager ReloadAssembly
Native extension for WindowsStandalone target not found
Native extension for WebGL target not found
Refreshing native plugins compatible for Editor in 1.42 ms, found 2 plugins.
Preloading 0 native plugins for Editor in 0.00 ms.
Mono: successfully reloaded assembly
- Completed reload, in  1.371 seconds
Platform modules already initialized, skipping
Shader 'Universal Render Pipeline/Particles/Lit': fallback shader 'Universal Render Pipeline/Particles/SimpleLit' not found
Shader 'MoreMountains/MMRipple': fallback shader 'Particle/AlphaBlended' not found
Refreshing native plugins compatible for Editor in 1.30 ms, found 2 plugins.
Preloading 0 native plugins for Editor in 0.00 ms.
Unloading 5227 Unused Serialized files (Serialized files now loaded: 0)
System memory in use before: 348.3 MB.
System memory in use after: 348.7 MB.

Unloading 23 unused Assets to reduce memory usage. Loaded Objects now: 5841.
Total: 4.664200 ms (FindLiveObjects: 0.522000 ms CreateObjectMapping: 0.149800 ms MarkObjects: 3.862000 ms  DeleteObjects: 0.129100 ms)

========================================================================
Received Import Request.
  Time since last request: 37.012398 seconds.
  path: Assets/Plugins/JMO Assets/Cartoon FX Remaster/CFXR Prefabs/Explosions/CFXR Explosion 2.prefab
  artifactKey: Guid(17749527f24a38e4a8518725a42d1df3) Importer(815301076,1909f56bfc062723c751e8b465ee728b)
Start importing Assets/Plugins/JMO Assets/Cartoon FX Remaster/CFXR Prefabs/Explosions/CFXR Explosion 2.prefab using Guid(17749527f24a38e4a8518725a42d1df3) Importer(815301076,1909f56bfc062723c751e8b465ee728b)  -> (artifact id: '5be0b85be300aec72171f321480d1d7f') in 0.046792 seconds 
========================================================================
Received Import Request.
  Time since last request: 45.413828 seconds.
  path: Assets/Plugins/JMO Assets/Cartoon FX Remaster/CFXR Prefabs/Explosions/Variants/CFXR Explosion 1 (HDR).prefab
  artifactKey: Guid(f4bdca9264213374d84e0fe3e5b3f465) Importer(815301076,1909f56bfc062723c751e8b465ee728b)
Start importing Assets/Plugins/JMO Assets/Cartoon FX Remaster/CFXR Prefabs/Explosions/Variants/CFXR Explosion 1 (HDR).prefab using Guid(f4bdca9264213374d84e0fe3e5b3f465) Importer(815301076,1909f56bfc062723c751e8b465ee728b)  -> (artifact id: '407f1679807ff5bd4b4c6c4dfeff2f7f') in 0.021604 seconds 
========================================================================
Received Prepare
Registering precompiled user dll's ...
Registered in 0.004385 seconds.
Begin MonoManager ReloadAssembly
Native extension for WindowsStandalone target not found
Native extension for WebGL target not found
Refreshing native plugins compatible for Editor in 1.38 ms, found 2 plugins.
Preloading 0 native plugins for Editor in 0.00 ms.
Mono: successfully reloaded assembly
- Completed reload, in  1.340 seconds
Platform modules already initialized, skipping
Shader 'Universal Render Pipeline/Particles/Lit': fallback shader 'Universal Render Pipeline/Particles/SimpleLit' not found
Shader 'MoreMountains/MMRipple': fallback shader 'Particle/AlphaBlended' not found
Refreshing native plugins compatible for Editor in 1.42 ms, found 2 plugins.
Preloading 0 native plugins for Editor in 0.00 ms.
Unloading 5227 Unused Serialized files (Serialized files now loaded: 0)
System memory in use before: 348.4 MB.
System memory in use after: 348.8 MB.

Unloading 23 unused Assets to reduce memory usage. Loaded Objects now: 5845.
Total: 4.082500 ms (FindLiveObjects: 0.591000 ms CreateObjectMapping: 0.318400 ms MarkObjects: 3.052700 ms  DeleteObjects: 0.119200 ms)

========================================================================
Received Import Request.
  Time since last request: 31.612923 seconds.
  path: Assets/Plugins/JMO Assets/Cartoon FX Remaster/CFXR Assets/Meshes/cfxr ring mesh.asset
  artifactKey: Guid(a78b06c58d03f5d4fbb74ba21020241e) Importer(815301076,1909f56bfc062723c751e8b465ee728b)
Start importing Assets/Plugins/JMO Assets/Cartoon FX Remaster/CFXR Assets/Meshes/cfxr ring mesh.asset using Guid(a78b06c58d03f5d4fbb74ba21020241e) Importer(815301076,1909f56bfc062723c751e8b465ee728b)  -> (artifact id: '48c66b59ada63296c77f6d7071af6dd4') in 0.103432 seconds 
========================================================================
Received Import Request.
  Time since last request: 127.572507 seconds.
  path: Assets/Plugins/JMO Assets/Cartoon FX Remaster/CFXR Prefabs/Explosions/Variants/CFXR Explosion 2 (HDR).prefab
  artifactKey: Guid(22b1ae6620dd89c4993266c7846f9954) Importer(815301076,1909f56bfc062723c751e8b465ee728b)
Start importing Assets/Plugins/JMO Assets/Cartoon FX Remaster/CFXR Prefabs/Explosions/Variants/CFXR Explosion 2 (HDR).prefab using Guid(22b1ae6620dd89c4993266c7846f9954) Importer(815301076,1909f56bfc062723c751e8b465ee728b)  -> (artifact id: '567d972eb1ef5a8c4be6f7d4b0ea705a') in 0.036002 seconds 
========================================================================
Received Import Request.
  Time since last request: 9.282042 seconds.
  path: Assets/Plugins/JMO Assets/Cartoon FX Remaster/CFXR Prefabs/Explosions/CFXR Explosion 2.prefab
  artifactKey: Guid(17749527f24a38e4a8518725a42d1df3) Importer(815301076,1909f56bfc062723c751e8b465ee728b)
Start importing Assets/Plugins/JMO Assets/Cartoon FX Remaster/CFXR Prefabs/Explosions/CFXR Explosion 2.prefab using Guid(17749527f24a38e4a8518725a42d1df3) Importer(815301076,1909f56bfc062723c751e8b465ee728b)  -> (artifact id: '2138bdd6b29aa5ebff601b8ef80ab074') in 0.005379 seconds 
========================================================================
Received Import Request.
  Time since last request: 28.883371 seconds.
  path: Assets/Plugins/JMO Assets/Cartoon FX Remaster/CFXR Prefabs/Explosions/CFXR Explosion 3 Bigger.prefab
  artifactKey: Guid(6ba1454cd4061fa449ba3e22578c5d5d) Importer(815301076,1909f56bfc062723c751e8b465ee728b)
Start importing Assets/Plugins/JMO Assets/Cartoon FX Remaster/CFXR Prefabs/Explosions/CFXR Explosion 3 Bigger.prefab using Guid(6ba1454cd4061fa449ba3e22578c5d5d) Importer(815301076,1909f56bfc062723c751e8b465ee728b)  -> (artifact id: '8eb1777b229f29f6baeb97370d36b7c7') in 0.007842 seconds 
========================================================================
Received Import Request.
  Time since last request: 108.482129 seconds.
  path: Assets/Plugins/JMO Assets/Cartoon FX Remaster/CFXR Prefabs/Explosions/CFXR Explosion 1.prefab
  artifactKey: Guid(3ef3ae421f71c5c4e97fe12dc2fc6312) Importer(815301076,1909f56bfc062723c751e8b465ee728b)
Start importing Assets/Plugins/JMO Assets/Cartoon FX Remaster/CFXR Prefabs/Explosions/CFXR Explosion 1.prefab using Guid(3ef3ae421f71c5c4e97fe12dc2fc6312) Importer(815301076,1909f56bfc062723c751e8b465ee728b)  -> (artifact id: 'c390d897387027c866ac961012acdd73') in 0.011014 seconds 
========================================================================
Received Prepare
Registering precompiled user dll's ...
Registered in 0.004667 seconds.
Begin MonoManager ReloadAssembly
Native extension for WindowsStandalone target not found
Native extension for WebGL target not found
Refreshing native plugins compatible for Editor in 1.34 ms, found 2 plugins.
Preloading 0 native plugins for Editor in 0.00 ms.
Mono: successfully reloaded assembly
- Completed reload, in  1.335 seconds
Platform modules already initialized, skipping
Shader 'Universal Render Pipeline/Particles/Lit': fallback shader 'Universal Render Pipeline/Particles/SimpleLit' not found
Shader 'MoreMountains/MMRipple': fallback shader 'Particle/AlphaBlended' not found
Refreshing native plugins compatible for Editor in 1.63 ms, found 2 plugins.
Preloading 0 native plugins for Editor in 0.00 ms.
Unloading 5227 Unused Serialized files (Serialized files now loaded: 0)
System memory in use before: 352.5 MB.
System memory in use after: 352.9 MB.

Unloading 23 unused Assets to reduce memory usage. Loaded Objects now: 5859.
Total: 4.176900 ms (FindLiveObjects: 0.461700 ms CreateObjectMapping: 0.148100 ms MarkObjects: 3.443100 ms  DeleteObjects: 0.122500 ms)

========================================================================
Received Import Request.
  Time since last request: 16.099473 seconds.
  path: Assets/Plugins/JMO Assets/Cartoon FX Remaster/CFXR Prefabs/Explosions/Variants/CFXR Explosion 1 (HDR).prefab
  artifactKey: Guid(f4bdca9264213374d84e0fe3e5b3f465) Importer(815301076,1909f56bfc062723c751e8b465ee728b)
Start importing Assets/Plugins/JMO Assets/Cartoon FX Remaster/CFXR Prefabs/Explosions/Variants/CFXR Explosion 1 (HDR).prefab using Guid(f4bdca9264213374d84e0fe3e5b3f465) Importer(815301076,1909f56bfc062723c751e8b465ee728b)  -> (artifact id: '1bb1339647df7a720d6876f5235bb034') in 0.040439 seconds 
========================================================================
Received Import Request.
  Time since last request: 13.519837 seconds.
  path: Assets/Plugins/JMO Assets/Cartoon FX Remaster/CFXR Prefabs/Explosions/CFXR Explosion 2 Bigger.prefab
  artifactKey: Guid(2f8640c91e25cd34ab8f8c9413a02b91) Importer(815301076,1909f56bfc062723c751e8b465ee728b)
Start importing Assets/Plugins/JMO Assets/Cartoon FX Remaster/CFXR Prefabs/Explosions/CFXR Explosion 2 Bigger.prefab using Guid(2f8640c91e25cd34ab8f8c9413a02b91) Importer(815301076,1909f56bfc062723c751e8b465ee728b)  -> (artifact id: '473c8d5ff6aa68521580de4ad23f7022') in 0.011903 seconds 
========================================================================
Received Import Request.
  Time since last request: 14.185492 seconds.
  path: Assets/Plugins/JMO Assets/Cartoon FX Remaster/CFXR Prefabs/Explosions/CFXR Explosion 3.prefab
  artifactKey: Guid(662372284ddeee54fad3c2462587922e) Importer(815301076,1909f56bfc062723c751e8b465ee728b)
Start importing Assets/Plugins/JMO Assets/Cartoon FX Remaster/CFXR Prefabs/Explosions/CFXR Explosion 3.prefab using Guid(662372284ddeee54fad3c2462587922e) Importer(815301076,1909f56bfc062723c751e8b465ee728b)  -> (artifact id: 'ca498b1de70949ae45978be11b3e088c') in 0.010917 seconds 
========================================================================
Received Import Request.
  Time since last request: 6.951266 seconds.
  path: Assets/Plugins/JMO Assets/Cartoon FX Remaster/CFXR Prefabs/Explosions/CFXR Explosion Smoke 2 (HDR).prefab
  artifactKey: Guid(f387ac791007951459ed6a93dfa675bf) Importer(815301076,1909f56bfc062723c751e8b465ee728b)
Start importing Assets/Plugins/JMO Assets/Cartoon FX Remaster/CFXR Prefabs/Explosions/CFXR Explosion Smoke 2 (HDR).prefab using Guid(f387ac791007951459ed6a93dfa675bf) Importer(815301076,1909f56bfc062723c751e8b465ee728b)  -> (artifact id: 'a3e31fd5b7d51f807a9108688e949bdf') in 0.010494 seconds 
========================================================================
Received Prepare
Registering precompiled user dll's ...
Registered in 0.004836 seconds.
Begin MonoManager ReloadAssembly
Native extension for WindowsStandalone target not found
Native extension for WebGL target not found
Refreshing native plugins compatible for Editor in 1.55 ms, found 2 plugins.
Preloading 0 native plugins for Editor in 0.00 ms.
Mono: successfully reloaded assembly
- Completed reload, in  1.362 seconds
Platform modules already initialized, skipping
Shader 'Universal Render Pipeline/Particles/Lit': fallback shader 'Universal Render Pipeline/Particles/SimpleLit' not found
Shader 'MoreMountains/MMRipple': fallback shader 'Particle/AlphaBlended' not found
Refreshing native plugins compatible for Editor in 1.39 ms, found 2 plugins.
Preloading 0 native plugins for Editor in 0.00 ms.
Unloading 5227 Unused Serialized files (Serialized files now loaded: 0)
System memory in use before: 352.6 MB.
System memory in use after: 352.9 MB.

Unloading 23 unused Assets to reduce memory usage. Loaded Objects now: 5863.
Total: 4.022100 ms (FindLiveObjects: 0.440100 ms CreateObjectMapping: 0.153700 ms MarkObjects: 3.284100 ms  DeleteObjects: 0.143100 ms)

========================================================================
Received Import Request.
  Time since last request: 531.209044 seconds.
  path: Assets/Shaders/Outline.shadergraph
  artifactKey: Guid(8ba6f6cc4e75ff24a909ed87d888d361) Importer(815301076,1909f56bfc062723c751e8b465ee728b)
Start importing Assets/Shaders/Outline.shadergraph using Guid(8ba6f6cc4e75ff24a909ed87d888d361) Importer(815301076,1909f56bfc062723c751e8b465ee728b)  -> (artifact id: 'e4bdd41f06f8d3d271b84ef9eaa4907d') in 0.025653 seconds 
========================================================================
Received Import Request.
  Time since last request: 1195.391520 seconds.
  path: Assets/Shaders/Outline.shadergraph
  artifactKey: Guid(8ba6f6cc4e75ff24a909ed87d888d361) Importer(815301076,1909f56bfc062723c751e8b465ee728b)
Start importing Assets/Shaders/Outline.shadergraph using Guid(8ba6f6cc4e75ff24a909ed87d888d361) Importer(815301076,1909f56bfc062723c751e8b465ee728b)  -> (artifact id: '6beac2efd10451950f761149d8207a1f') in 0.003547 seconds 
========================================================================
Received Import Request.
  Time since last request: 893.292377 seconds.
  path: Assets/Shaders/Outline.shadergraph
  artifactKey: Guid(8ba6f6cc4e75ff24a909ed87d888d361) Importer(815301076,1909f56bfc062723c751e8b465ee728b)
Start importing Assets/Shaders/Outline.shadergraph using Guid(8ba6f6cc4e75ff24a909ed87d888d361) Importer(815301076,1909f56bfc062723c751e8b465ee728b)  -> (artifact id: '89ad14db1c4e681713077764725c57ad') in 0.003794 seconds 
========================================================================
Received Import Request.
  Time since last request: 52.482232 seconds.
  path: Assets/Materials/Space-Background-Tiled Small.mat
  artifactKey: Guid(1d0751cdfdd0aac4d90b89e6b5c48a4d) Importer(815301076,1909f56bfc062723c751e8b465ee728b)
Start importing Assets/Materials/Space-Background-Tiled Small.mat using Guid(1d0751cdfdd0aac4d90b89e6b5c48a4d) Importer(815301076,1909f56bfc062723c751e8b465ee728b)  -> (artifact id: '894b2fd88d9a9e8c531b3f02712e4f3d') in 0.300362 seconds 
========================================================================
Received Import Request.
  Time since last request: 0.978773 seconds.
  path: Assets/Materials/Player.mat
  artifactKey: Guid(3d014bf86e4925d4d928b436c722e7e0) Importer(815301076,1909f56bfc062723c751e8b465ee728b)
Start importing Assets/Materials/Player.mat using Guid(3d014bf86e4925d4d928b436c722e7e0) Importer(815301076,1909f56bfc062723c751e8b465ee728b)  -> (artifact id: '35dbdbbb458f792799a81ea61745f51f') in 0.038616 seconds 
========================================================================
Received Import Request.
  Time since last request: 51.403911 seconds.
  path: Assets/Shaders/Outline.shadergraph
  artifactKey: Guid(8ba6f6cc4e75ff24a909ed87d888d361) Importer(815301076,1909f56bfc062723c751e8b465ee728b)
Start importing Assets/Shaders/Outline.shadergraph using Guid(8ba6f6cc4e75ff24a909ed87d888d361) Importer(815301076,1909f56bfc062723c751e8b465ee728b)  -> (artifact id: 'b53c822012d402fa1564a2cf91b2e879') in 0.003260 seconds 
========================================================================
Received Import Request.
  Time since last request: 19.427755 seconds.
  path: Assets/Shaders/Outline.shadergraph
  artifactKey: Guid(8ba6f6cc4e75ff24a909ed87d888d361) Importer(815301076,1909f56bfc062723c751e8b465ee728b)
Start importing Assets/Shaders/Outline.shadergraph using Guid(8ba6f6cc4e75ff24a909ed87d888d361) Importer(815301076,1909f56bfc062723c751e8b465ee728b)  -> (artifact id: 'cab4f0431b8b0d35e97824f9dab8c79e') in 0.003890 seconds 
AssetImportWorkerClient::OnTransportError - code=2 error=End of file
