Using pre-set license
Built from '2021.1/staging' branch; Version is '2021.1.3f1 (4bef613afd59) revision 4976481'; Using compiler version '192528614'; Build Type 'Release'
OS: 'Windows 10 Home; OS build 19042.1288; Version 2009; 64bit' Language: 'en' Physical Memory: 16333 MB
BatchMode: 1, IsHumanControllingUs: 0, StartBugReporterOnCrash: 0, Is64bit: 1, IsPro: 0

 COMMAND LINE ARGUMENTS:
C:\Program Files\Unity\Hub\Editor\2021.1.3f1\Editor\Unity.exe
-adb2
-batchMode
-noUpm
-name
AssetImportWorker0
-projectPath
D:/Unity/Projects/Udemy/Laser-Defender/Laser Defender Redux
-logFile
Logs/AssetImportWorker0.log
-srvPort
61636
Successfully changed project path to: D:/Unity/Projects/Udemy/Laser-Defender/Laser Defender Redux
D:/Unity/Projects/Udemy/Laser-Defender/Laser Defender Redux
Using Asset Import Pipeline V2.
Refreshing native plugins compatible for Editor in 289.05 ms, found 2 plugins.
Preloading 0 native plugins for Editor in 0.00 ms.
Initialize engine version: 2021.1.3f1 (4bef613afd59)
[Subsystems] Discovering subsystems at path C:/Program Files/Unity/Hub/Editor/2021.1.3f1/Editor/Data/Resources/UnitySubsystems
[Subsystems] Discovering subsystems at path D:/Unity/Projects/Udemy/Laser-Defender/Laser Defender Redux/Assets
GfxDevice: creating device client; threaded=0; jobified=0
Direct3D:
    Version:  Direct3D 11.0 [level 11.1]
    Renderer: NVIDIA GeForce GTX 1660 (ID=0x2184)
    Vendor:   NVIDIA
    VRAM:     5991 MB
    Driver:   30.0.14.9613
Shader 'MoreMountains/MMRipple': fallback shader 'Particle/AlphaBlended' not found
Shader 'Universal Render Pipeline/Particles/Lit': fallback shader 'Universal Render Pipeline/Particles/SimpleLit' not found
Initialize mono
Mono path[0] = 'C:/Program Files/Unity/Hub/Editor/2021.1.3f1/Editor/Data/Managed'
Mono path[1] = 'C:/Program Files/Unity/Hub/Editor/2021.1.3f1/Editor/Data/MonoBleedingEdge/lib/mono/unityjit'
Mono config path = 'C:/Program Files/Unity/Hub/Editor/2021.1.3f1/Editor/Data/MonoBleedingEdge/etc'
Using monoOptions --debugger-agent=transport=dt_socket,embedding=1,server=y,suspend=n,address=127.0.0.1:56116
Begin MonoManager ReloadAssembly
Registering precompiled unity dll's ...
Register platform support module: C:/Program Files/Unity/Hub/Editor/2021.1.3f1/Editor/Data/PlaybackEngines/WebGLSupport/UnityEditor.WebGL.Extensions.dll
Register platform support module: C:/Program Files/Unity/Hub/Editor/2021.1.3f1/Editor/Data/PlaybackEngines/WindowsStandaloneSupport/UnityEditor.WindowsStandalone.Extensions.dll
Registered in 0.003559 seconds.
Native extension for WindowsStandalone target not found
Native extension for WebGL target not found
Refreshing native plugins compatible for Editor in 266.18 ms, found 2 plugins.
Preloading 0 native plugins for Editor in 0.00 ms.
Mono: successfully reloaded assembly
- Completed reload, in  2.317 seconds
Platform modules already initialized, skipping
Registering precompiled user dll's ...
Registered in 0.005946 seconds.
Begin MonoManager ReloadAssembly
Native extension for WindowsStandalone target not found
Native extension for WebGL target not found
Refreshing native plugins compatible for Editor in 267.72 ms, found 2 plugins.
Preloading 0 native plugins for Editor in 0.00 ms.
Loading style catalogs (6)
	StyleSheets/Extensions/base/common.uss
	UIPackageResources/StyleSheets/Default/Variables/Public/common.uss
	StyleSheets/Northstar/common.uss
	StyleSheets/Extensions/fonts/inter.uss
	StyleSheets/Extensions/base/dark.uss
	UIPackageResources/StyleSheets/Default/Northstar/Palette/dark.uss
Mono: successfully reloaded assembly
- Completed reload, in  2.363 seconds
Platform modules already initialized, skipping
========================================================================
Worker process is ready to serve import requests
Shader 'MoreMountains/MMRipple': fallback shader 'Particle/AlphaBlended' not found
Shader 'Universal Render Pipeline/Particles/Lit': fallback shader 'Universal Render Pipeline/Particles/SimpleLit' not found
Launched and connected shader compiler UnityShaderCompiler.exe after 0.06 seconds
Refreshing native plugins compatible for Editor in 1.76 ms, found 2 plugins.
Preloading 0 native plugins for Editor in 0.00 ms.
Unloading 5483 Unused Serialized files (Serialized files now loaded: 0)
System memory in use before: 300.5 MB.
System memory in use after: 300.8 MB.

Unloading 31 unused Assets to reduce memory usage. Loaded Objects now: 5960.
Total: 6.433800 ms (FindLiveObjects: 0.625600 ms CreateObjectMapping: 0.256000 ms MarkObjects: 5.511300 ms  DeleteObjects: 0.039200 ms)

========================================================================
Received Import Request.
  path: Assets/Universal Sound FX/ELEMENTS/Fire
  artifactKey: Guid(87c175db9d298be408988cf7d2d6ebdb) Importer(815301076,1909f56bfc062723c751e8b465ee728b)
Start importing Assets/Universal Sound FX/ELEMENTS/Fire using Guid(87c175db9d298be408988cf7d2d6ebdb) Importer(815301076,1909f56bfc062723c751e8b465ee728b)  -> (artifact id: 'ea1755bc22e67c8e02c23b4af2254f75') in 0.014082 seconds 
========================================================================
Received Import Request.
  Time since last request: 0.000227 seconds.
  path: Assets/Universal Sound FX/ELEMENTS/Fire/FIRE_Hot_Furnice_Smooth_loop_mono.wav
  artifactKey: Guid(6fdd3247378ae074d86bdcfe987f9494) Importer(815301076,1909f56bfc062723c751e8b465ee728b)
Start importing Assets/Universal Sound FX/ELEMENTS/Fire/FIRE_Hot_Furnice_Smooth_loop_mono.wav using Guid(6fdd3247378ae074d86bdcfe987f9494) Importer(815301076,1909f56bfc062723c751e8b465ee728b)  -> (artifact id: 'bf179dc268afc85a5d852348d90ea9e3') in 0.091080 seconds 
========================================================================
Received Import Request.
  Time since last request: 0.000217 seconds.
  path: Assets/Universal Sound FX/ELEMENTS/Fire/FIRE_Campfire_Active_Smooth_01_loop_mono.wav
  artifactKey: Guid(81cafabc206ba36409bca69f8f92988f) Importer(815301076,1909f56bfc062723c751e8b465ee728b)
Start importing Assets/Universal Sound FX/ELEMENTS/Fire/FIRE_Campfire_Active_Smooth_01_loop_mono.wav using Guid(81cafabc206ba36409bca69f8f92988f) Importer(815301076,1909f56bfc062723c751e8b465ee728b)  -> (artifact id: '21e941bcb7707d07b02e16a4f3a211cf') in 0.015995 seconds 
========================================================================
Received Import Request.
  Time since last request: 0.000215 seconds.
  path: Assets/Universal Sound FX/ELEMENTS/Fire/FIRE_Campfire_Active_01_loop_mono.wav
  artifactKey: Guid(357bf674bf3ca7e44818fd57a2d00841) Importer(815301076,1909f56bfc062723c751e8b465ee728b)
Start importing Assets/Universal Sound FX/ELEMENTS/Fire/FIRE_Campfire_Active_01_loop_mono.wav using Guid(357bf674bf3ca7e44818fd57a2d00841) Importer(815301076,1909f56bfc062723c751e8b465ee728b)  -> (artifact id: '54677554d9c6e43c767bceb279f26b5a') in 0.017542 seconds 
========================================================================
Received Import Request.
  Time since last request: 0.000226 seconds.
  path: Assets/Universal Sound FX/ELEMENTS/Fire/FIRE_Campfire_Calm_Smooth_01_loop_mono.wav
  artifactKey: Guid(23ab3b4de680b904aafc3bc7c18d351c) Importer(815301076,1909f56bfc062723c751e8b465ee728b)
Start importing Assets/Universal Sound FX/ELEMENTS/Fire/FIRE_Campfire_Calm_Smooth_01_loop_mono.wav using Guid(23ab3b4de680b904aafc3bc7c18d351c) Importer(815301076,1909f56bfc062723c751e8b465ee728b)  -> (artifact id: '4885e311be0456b7c6875916045f1be5') in 0.014990 seconds 
========================================================================
Received Import Request.
  Time since last request: 2.565182 seconds.
  path: Assets/Universal Sound FX/MAGIC_SPELLS/MAGIC_SPELL_Flame_01_mono.wav
  artifactKey: Guid(8d530c3462669b54ab13d44065f77721) Importer(815301076,1909f56bfc062723c751e8b465ee728b)
Start importing Assets/Universal Sound FX/MAGIC_SPELLS/MAGIC_SPELL_Flame_01_mono.wav using Guid(8d530c3462669b54ab13d44065f77721) Importer(815301076,1909f56bfc062723c751e8b465ee728b)  -> (artifact id: '26eab573458bad95f799edd68988b53c') in 0.014631 seconds 
========================================================================
Received Import Request.
  Time since last request: 2.156148 seconds.
  path: Assets/Universal Sound FX/MAGIC_SPELLS/MAGIC_SPELL_Flame_02_mono.wav
  artifactKey: Guid(3c209915cd5aea3498b6ebc123ebd5ae) Importer(815301076,1909f56bfc062723c751e8b465ee728b)
Start importing Assets/Universal Sound FX/MAGIC_SPELLS/MAGIC_SPELL_Flame_02_mono.wav using Guid(3c209915cd5aea3498b6ebc123ebd5ae) Importer(815301076,1909f56bfc062723c751e8b465ee728b)  -> (artifact id: '3e0b2aafcb620eaa613d2b6927d6edbe') in 0.014824 seconds 
========================================================================
Received Import Request.
  Time since last request: 1.910560 seconds.
  path: Assets/Universal Sound FX/MAGIC_SPELLS/MAGIC_SPELL_Flame_03_mono.wav
  artifactKey: Guid(0f0c8772d1a9c25479dfd7972e3090ef) Importer(815301076,1909f56bfc062723c751e8b465ee728b)
Start importing Assets/Universal Sound FX/MAGIC_SPELLS/MAGIC_SPELL_Flame_03_mono.wav using Guid(0f0c8772d1a9c25479dfd7972e3090ef) Importer(815301076,1909f56bfc062723c751e8b465ee728b)  -> (artifact id: '8751813862abe48ad69ac6022a478298') in 0.013470 seconds 
========================================================================
Received Import Request.
  Time since last request: 1.011815 seconds.
  path: Assets/Universal Sound FX/MAGIC_SPELLS/MAGIC_SPELL_Flame_04_mono.wav
  artifactKey: Guid(27c92d3febe5c8c40869ac3748efb706) Importer(815301076,1909f56bfc062723c751e8b465ee728b)
Start importing Assets/Universal Sound FX/MAGIC_SPELLS/MAGIC_SPELL_Flame_04_mono.wav using Guid(27c92d3febe5c8c40869ac3748efb706) Importer(815301076,1909f56bfc062723c751e8b465ee728b)  -> (artifact id: 'f0b03a8e4fdaabb58b750fd7ee50a3c4') in 0.012983 seconds 
========================================================================
Received Import Request.
  Time since last request: 2.207381 seconds.
  path: Assets/Universal Sound FX/MAGIC_SPELLS/MAGIC_SPELL_Bright_Sci-Fi_stereo.wav
  artifactKey: Guid(0f662122b2660dc48b096dc16f32480f) Importer(815301076,1909f56bfc062723c751e8b465ee728b)
Start importing Assets/Universal Sound FX/MAGIC_SPELLS/MAGIC_SPELL_Bright_Sci-Fi_stereo.wav using Guid(0f662122b2660dc48b096dc16f32480f) Importer(815301076,1909f56bfc062723c751e8b465ee728b)  -> (artifact id: '92307439b5caa9235c15dbc76b3e2b33') in 0.014741 seconds 
========================================================================
Received Import Request.
  Time since last request: 3.346618 seconds.
  path: Assets/Universal Sound FX/MAGIC_SPELLS/MAGIC_SPELL_Flanger_Bright_Tail_stereo.wav
  artifactKey: Guid(f57433081fa314a438e34cfcc97a604b) Importer(815301076,1909f56bfc062723c751e8b465ee728b)
Start importing Assets/Universal Sound FX/MAGIC_SPELLS/MAGIC_SPELL_Flanger_Bright_Tail_stereo.wav using Guid(f57433081fa314a438e34cfcc97a604b) Importer(815301076,1909f56bfc062723c751e8b465ee728b)  -> (artifact id: '64c8a7e4d99a09770d4cd5da78a69059') in 0.015177 seconds 
========================================================================
Received Import Request.
  Time since last request: 3.786075 seconds.
  path: Assets/Universal Sound FX/MAGIC_SPELLS/MAGIC_SPELL_Overdrive_mono.wav
  artifactKey: Guid(1bdca56a889386449899fe990eaef5b6) Importer(815301076,1909f56bfc062723c751e8b465ee728b)
Start importing Assets/Universal Sound FX/MAGIC_SPELLS/MAGIC_SPELL_Overdrive_mono.wav using Guid(1bdca56a889386449899fe990eaef5b6) Importer(815301076,1909f56bfc062723c751e8b465ee728b)  -> (artifact id: '12cc809d73bd16922326d80608c33213') in 0.012767 seconds 
========================================================================
Received Import Request.
  Time since last request: 3.754297 seconds.
  path: Assets/Universal Sound FX/MAGIC_SPELLS/MAGIC_SPELL_Gather_Blast_mono.wav
  artifactKey: Guid(220dd163951b43b4dad8d23d43d77e8b) Importer(815301076,1909f56bfc062723c751e8b465ee728b)
Start importing Assets/Universal Sound FX/MAGIC_SPELLS/MAGIC_SPELL_Gather_Blast_mono.wav using Guid(220dd163951b43b4dad8d23d43d77e8b) Importer(815301076,1909f56bfc062723c751e8b465ee728b)  -> (artifact id: '12475f84570641fb2b0ec8e0a32c5b1a') in 0.013265 seconds 
========================================================================
Received Import Request.
  Time since last request: 3.033752 seconds.
  path: Assets/Universal Sound FX/MAGIC_SPELLS/MAGIC_SPELL_Power_mono.wav
  artifactKey: Guid(e1d2d04ad1d0f6e43a02997d50e6858b) Importer(815301076,1909f56bfc062723c751e8b465ee728b)
Start importing Assets/Universal Sound FX/MAGIC_SPELLS/MAGIC_SPELL_Power_mono.wav using Guid(e1d2d04ad1d0f6e43a02997d50e6858b) Importer(815301076,1909f56bfc062723c751e8b465ee728b)  -> (artifact id: 'e7d049d1d77407b8d9969641aad1a2e5') in 0.014260 seconds 
========================================================================
Received Import Request.
  Time since last request: 3.196397 seconds.
  path: Assets/Universal Sound FX/MAGIC_SPELLS/MAGIC_SPELL_Shield_mono.wav
  artifactKey: Guid(237893312f101634ca462fd4e975cc21) Importer(815301076,1909f56bfc062723c751e8b465ee728b)
Start importing Assets/Universal Sound FX/MAGIC_SPELLS/MAGIC_SPELL_Shield_mono.wav using Guid(237893312f101634ca462fd4e975cc21) Importer(815301076,1909f56bfc062723c751e8b465ee728b)  -> (artifact id: '883bd3e32102eadde8b35fd21e9e4f24') in 0.013407 seconds 
========================================================================
Received Import Request.
  Time since last request: 2.647233 seconds.
  path: Assets/Universal Sound FX/MAGIC_SPELLS/MAGIC_SPELL_Sweep_mono.wav
  artifactKey: Guid(bbdd7b0756abc28468d735f4a19c4623) Importer(815301076,1909f56bfc062723c751e8b465ee728b)
Start importing Assets/Universal Sound FX/MAGIC_SPELLS/MAGIC_SPELL_Sweep_mono.wav using Guid(bbdd7b0756abc28468d735f4a19c4623) Importer(815301076,1909f56bfc062723c751e8b465ee728b)  -> (artifact id: '50223c899b6af824e19386d59e8fe896') in 0.012115 seconds 
========================================================================
Received Import Request.
  Time since last request: 3.485181 seconds.
  path: Assets/Universal Sound FX/WHOOSHES/Air/WHOOSH_Air_Fast_Wind_Subtle_RR1_mono.wav
  artifactKey: Guid(cd7c93d5224bef74c899b4c3b7390d9c) Importer(815301076,1909f56bfc062723c751e8b465ee728b)
Start importing Assets/Universal Sound FX/WHOOSHES/Air/WHOOSH_Air_Fast_Wind_Subtle_RR1_mono.wav using Guid(cd7c93d5224bef74c899b4c3b7390d9c) Importer(815301076,1909f56bfc062723c751e8b465ee728b)  -> (artifact id: '650ed38440d90b0b57fef3c4a664836a') in 0.012141 seconds 
========================================================================
Received Import Request.
  Time since last request: 1.234597 seconds.
  path: Assets/Universal Sound FX/WHOOSHES/Air/WHOOSH_Air_Super_Fast_RR4_mono.wav
  artifactKey: Guid(538fbcb7739d50c40b98d5eab189f019) Importer(815301076,1909f56bfc062723c751e8b465ee728b)
Start importing Assets/Universal Sound FX/WHOOSHES/Air/WHOOSH_Air_Super_Fast_RR4_mono.wav using Guid(538fbcb7739d50c40b98d5eab189f019) Importer(815301076,1909f56bfc062723c751e8b465ee728b)  -> (artifact id: '34ae368afdbf65111b0352afa59de08c') in 0.012618 seconds 
========================================================================
Received Import Request.
  Time since last request: 0.981596 seconds.
  path: Assets/Universal Sound FX/WHOOSHES/Air/WHOOSH_Air_Very_Slow_RR2_mono.wav
  artifactKey: Guid(344f57815abf89241abd7a18f913144f) Importer(815301076,1909f56bfc062723c751e8b465ee728b)
Start importing Assets/Universal Sound FX/WHOOSHES/Air/WHOOSH_Air_Very_Slow_RR2_mono.wav using Guid(344f57815abf89241abd7a18f913144f) Importer(815301076,1909f56bfc062723c751e8b465ee728b)  -> (artifact id: 'f69765abd4749eeab6139d698b85ce21') in 0.013098 seconds 
========================================================================
Received Import Request.
  Time since last request: 0.921277 seconds.
  path: Assets/Universal Sound FX/WHOOSHES/Air/WHOOSH_Air_Very_Fast_RR8_mono.wav
  artifactKey: Guid(646f6236e0c22404fabe3a7c0cf432ed) Importer(815301076,1909f56bfc062723c751e8b465ee728b)
Start importing Assets/Universal Sound FX/WHOOSHES/Air/WHOOSH_Air_Very_Fast_RR8_mono.wav using Guid(646f6236e0c22404fabe3a7c0cf432ed) Importer(815301076,1909f56bfc062723c751e8b465ee728b)  -> (artifact id: 'f0beb003089f4fb5b28cdb23d1ccabdf') in 0.013890 seconds 
========================================================================
Received Import Request.
  Time since last request: 10.971780 seconds.
  path: Assets/Universal Sound FX/MAGIC_SPELLS/MAGIC_SPELL_Build_Bang_mono.wav
  artifactKey: Guid(590478a72e226c04f9329e5c80f32ed7) Importer(815301076,1909f56bfc062723c751e8b465ee728b)
Start importing Assets/Universal Sound FX/MAGIC_SPELLS/MAGIC_SPELL_Build_Bang_mono.wav using Guid(590478a72e226c04f9329e5c80f32ed7) Importer(815301076,1909f56bfc062723c751e8b465ee728b)  -> (artifact id: 'b5f9dbfd460fd8b5074e841bd8cb38e8') in 0.013042 seconds 
========================================================================
Received Import Request.
  Time since last request: 4.258992 seconds.
  path: Assets/Universal Sound FX/MAGIC_SPELLS/MAGIC_SPELL_Bending_Synth_Climb_stereo.wav
  artifactKey: Guid(5949bddbeb93f894484925eb3411eb5b) Importer(815301076,1909f56bfc062723c751e8b465ee728b)
Start importing Assets/Universal Sound FX/MAGIC_SPELLS/MAGIC_SPELL_Bending_Synth_Climb_stereo.wav using Guid(5949bddbeb93f894484925eb3411eb5b) Importer(815301076,1909f56bfc062723c751e8b465ee728b)  -> (artifact id: 'c666a34db550fee7a8d5451ed0b1c7f6') in 0.016836 seconds 
========================================================================
Received Import Request.
  Time since last request: 2.178699 seconds.
  path: Assets/Universal Sound FX/MAGIC_SPELLS/MAGIC_SPELL_Attacking_Climbing_Bells_stereo.wav
  artifactKey: Guid(ed62eb839ebc4d748b1c0cb60360379c) Importer(815301076,1909f56bfc062723c751e8b465ee728b)
Start importing Assets/Universal Sound FX/MAGIC_SPELLS/MAGIC_SPELL_Attacking_Climbing_Bells_stereo.wav using Guid(ed62eb839ebc4d748b1c0cb60360379c) Importer(815301076,1909f56bfc062723c751e8b465ee728b)  -> (artifact id: '5a168d0e7a18ae1f221f7fe99d01399e') in 0.013647 seconds 
========================================================================
Received Import Request.
  Time since last request: 2.396466 seconds.
  path: Assets/Universal Sound FX/MAGIC_SPELLS/MAGIC_SPELL_Dark_Pulse_Echo_stereo.wav
  artifactKey: Guid(92a930eb27a17b84f995eee144e045b3) Importer(815301076,1909f56bfc062723c751e8b465ee728b)
Start importing Assets/Universal Sound FX/MAGIC_SPELLS/MAGIC_SPELL_Dark_Pulse_Echo_stereo.wav using Guid(92a930eb27a17b84f995eee144e045b3) Importer(815301076,1909f56bfc062723c751e8b465ee728b)  -> (artifact id: '2d88c60138ba4158dda6c2a224ed42e3') in 0.013444 seconds 
========================================================================
Received Import Request.
  Time since last request: 2.718060 seconds.
  path: Assets/Universal Sound FX/MAGIC_SPELLS/MAGIC_SPELL_Deep_Tone_Bubbling_Zaps_stereo.wav
  artifactKey: Guid(16cc89a7b6d07da4fade5ad72a626b07) Importer(815301076,1909f56bfc062723c751e8b465ee728b)
Start importing Assets/Universal Sound FX/MAGIC_SPELLS/MAGIC_SPELL_Deep_Tone_Bubbling_Zaps_stereo.wav using Guid(16cc89a7b6d07da4fade5ad72a626b07) Importer(815301076,1909f56bfc062723c751e8b465ee728b)  -> (artifact id: '0771c679bc4bd12da3f25c7d2428a8fe') in 0.013490 seconds 
========================================================================
Received Import Request.
  Time since last request: 1.271037 seconds.
  path: Assets/Universal Sound FX/MAGIC_SPELLS/MAGIC_SPELL_Deep_Tone_Bubbling_Zaps_Subtle_stereo.wav
  artifactKey: Guid(ba71602b8315e5743a2e830f23673fe9) Importer(815301076,1909f56bfc062723c751e8b465ee728b)
Start importing Assets/Universal Sound FX/MAGIC_SPELLS/MAGIC_SPELL_Deep_Tone_Bubbling_Zaps_Subtle_stereo.wav using Guid(ba71602b8315e5743a2e830f23673fe9) Importer(815301076,1909f56bfc062723c751e8b465ee728b)  -> (artifact id: '90470b7f6371057dce46eeb24c423154') in 0.013011 seconds 
========================================================================
Received Import Request.
  Time since last request: 0.596722 seconds.
  path: Assets/Universal Sound FX/MAGIC_SPELLS/MAGIC_SPELL_Distinct_Thrust_Bright_Pad_stereo.wav
  artifactKey: Guid(2d81e87326882f444a03d2a985019731) Importer(815301076,1909f56bfc062723c751e8b465ee728b)
Start importing Assets/Universal Sound FX/MAGIC_SPELLS/MAGIC_SPELL_Distinct_Thrust_Bright_Pad_stereo.wav using Guid(2d81e87326882f444a03d2a985019731) Importer(815301076,1909f56bfc062723c751e8b465ee728b)  -> (artifact id: 'edbf1a3364ca6f36787ce8bde9363da9') in 0.013354 seconds 
========================================================================
Received Import Request.
  Time since last request: 3.203254 seconds.
  path: Assets/Universal Sound FX/MAGIC_SPELLS/MAGIC_SPELL_Fade_In_Metallic_Pingpong_Fade_Subtle_stereo.wav
  artifactKey: Guid(d17144492a26f9449bf1a0ffa8c41404) Importer(815301076,1909f56bfc062723c751e8b465ee728b)
Start importing Assets/Universal Sound FX/MAGIC_SPELLS/MAGIC_SPELL_Fade_In_Metallic_Pingpong_Fade_Subtle_stereo.wav using Guid(d17144492a26f9449bf1a0ffa8c41404) Importer(815301076,1909f56bfc062723c751e8b465ee728b)  -> (artifact id: '876883fac31b6138f6170c911ab6e004') in 0.015449 seconds 
========================================================================
Received Import Request.
  Time since last request: 2.595391 seconds.
  path: Assets/Universal Sound FX/MAGIC_SPELLS/MAGIC_SPELL_Fast_Bolt_Metallic_Dirty_Tail_stereo.wav
  artifactKey: Guid(5d4a20e94ecfecd41a05e543f16a8c7a) Importer(815301076,1909f56bfc062723c751e8b465ee728b)
Start importing Assets/Universal Sound FX/MAGIC_SPELLS/MAGIC_SPELL_Fast_Bolt_Metallic_Dirty_Tail_stereo.wav using Guid(5d4a20e94ecfecd41a05e543f16a8c7a) Importer(815301076,1909f56bfc062723c751e8b465ee728b)  -> (artifact id: 'd56d12bdbf09a70f4ce19e1a0d3b1891') in 0.014186 seconds 
========================================================================
Received Import Request.
  Time since last request: 20.075650 seconds.
  path: Assets/Universal Sound FX/MAGIC_SPELLS/MAGIC_SPELL_Subtle_Chopping_Fade_In_Echo_Out_stereo.wav
  artifactKey: Guid(cee6b94a45d453a4295f05a28fa1c746) Importer(815301076,1909f56bfc062723c751e8b465ee728b)
Start importing Assets/Universal Sound FX/MAGIC_SPELLS/MAGIC_SPELL_Subtle_Chopping_Fade_In_Echo_Out_stereo.wav using Guid(cee6b94a45d453a4295f05a28fa1c746) Importer(815301076,1909f56bfc062723c751e8b465ee728b)  -> (artifact id: 'aae4de14b927d72f195f9ac3f74c1684') in 0.013073 seconds 
========================================================================
Received Import Request.
  Time since last request: 1.290662 seconds.
  path: Assets/Universal Sound FX/MAGIC_SPELLS/MAGIC_SPELL_Stutter_Out_stereo.wav
  artifactKey: Guid(8ebf988a888d1be42806770d14ba0722) Importer(815301076,1909f56bfc062723c751e8b465ee728b)
Start importing Assets/Universal Sound FX/MAGIC_SPELLS/MAGIC_SPELL_Stutter_Out_stereo.wav using Guid(8ebf988a888d1be42806770d14ba0722) Importer(815301076,1909f56bfc062723c751e8b465ee728b)  -> (artifact id: '06fb3c6b71d2e19e9e6c983adcabd824') in 0.013657 seconds 
========================================================================
Received Import Request.
  Time since last request: 2.582421 seconds.
  path: Assets/Universal Sound FX/MAGIC_SPELLS/MAGIC_SPELL_Quick_Whoosh_Echo_Out_stereo.wav
  artifactKey: Guid(a050100ea8f326349981db72f73129d8) Importer(815301076,1909f56bfc062723c751e8b465ee728b)
Start importing Assets/Universal Sound FX/MAGIC_SPELLS/MAGIC_SPELL_Quick_Whoosh_Echo_Out_stereo.wav using Guid(a050100ea8f326349981db72f73129d8) Importer(815301076,1909f56bfc062723c751e8b465ee728b)  -> (artifact id: '1b6b7476bc68d16da57777e203ef43d0') in 0.013468 seconds 
========================================================================
Received Import Request.
  Time since last request: 1.937052 seconds.
  path: Assets/Universal Sound FX/MAGIC_SPELLS/MAGIC_SPELL_Rumble_Spooky_Vibrato_Fade_In_Out_stereo.wav
  artifactKey: Guid(ce20c12e6cf6cac4e8b62ac21ac7491c) Importer(815301076,1909f56bfc062723c751e8b465ee728b)
Start importing Assets/Universal Sound FX/MAGIC_SPELLS/MAGIC_SPELL_Rumble_Spooky_Vibrato_Fade_In_Out_stereo.wav using Guid(ce20c12e6cf6cac4e8b62ac21ac7491c) Importer(815301076,1909f56bfc062723c751e8b465ee728b)  -> (artifact id: '1e539d17f24b014c6de2622161b8fcbc') in 0.013649 seconds 
========================================================================
Received Import Request.
  Time since last request: 2.642586 seconds.
  path: Assets/Universal Sound FX/MAGIC_SPELLS/MAGIC_SPELL_Sharp_Beam_Reverb_Tweet_Fade_Trail_stereo.wav
  artifactKey: Guid(5c35f62eeabede54f8352b9df65bb2bd) Importer(815301076,1909f56bfc062723c751e8b465ee728b)
Start importing Assets/Universal Sound FX/MAGIC_SPELLS/MAGIC_SPELL_Sharp_Beam_Reverb_Tweet_Fade_Trail_stereo.wav using Guid(5c35f62eeabede54f8352b9df65bb2bd) Importer(815301076,1909f56bfc062723c751e8b465ee728b)  -> (artifact id: '6064a3a00d792ca99f39ed3ab4865b43') in 0.015170 seconds 
========================================================================
Received Import Request.
  Time since last request: 1.241348 seconds.
  path: Assets/Universal Sound FX/MAGIC_SPELLS/MAGIC_SPELL_Short_Fast_Burst_Quick_Fade_stereo.wav
  artifactKey: Guid(714654b6385e3234e9dbaaf85bc51d2a) Importer(815301076,1909f56bfc062723c751e8b465ee728b)
Start importing Assets/Universal Sound FX/MAGIC_SPELLS/MAGIC_SPELL_Short_Fast_Burst_Quick_Fade_stereo.wav using Guid(714654b6385e3234e9dbaaf85bc51d2a) Importer(815301076,1909f56bfc062723c751e8b465ee728b)  -> (artifact id: 'c6d7c492298e8728e3c51fecef5f3733') in 0.013586 seconds 
========================================================================
Received Import Request.
  Time since last request: 0.754936 seconds.
  path: Assets/Universal Sound FX/MAGIC_SPELLS/MAGIC_SPELL_Slow_Fade_In_Bright_Pad_stereo.wav
  artifactKey: Guid(d4930fc136d58d04abb0f30b099aac01) Importer(815301076,1909f56bfc062723c751e8b465ee728b)
Start importing Assets/Universal Sound FX/MAGIC_SPELLS/MAGIC_SPELL_Slow_Fade_In_Bright_Pad_stereo.wav using Guid(d4930fc136d58d04abb0f30b099aac01) Importer(815301076,1909f56bfc062723c751e8b465ee728b)  -> (artifact id: '0119290345c2f9118101b88a62576293') in 0.014099 seconds 
========================================================================
Received Import Request.
  Time since last request: 1.036118 seconds.
  path: Assets/Universal Sound FX/MAGIC_SPELLS/MAGIC_SPELL_Spawn_mono.wav
  artifactKey: Guid(d45a457e0e8810a4393f8f69afbcaeba) Importer(815301076,1909f56bfc062723c751e8b465ee728b)
Start importing Assets/Universal Sound FX/MAGIC_SPELLS/MAGIC_SPELL_Spawn_mono.wav using Guid(d45a457e0e8810a4393f8f69afbcaeba) Importer(815301076,1909f56bfc062723c751e8b465ee728b)  -> (artifact id: '75f6316533504d94ba27664e154a3c54') in 0.013898 seconds 
========================================================================
Received Import Request.
  Time since last request: 1.412272 seconds.
  path: Assets/Universal Sound FX/MAGIC_SPELLS/MAGIC_SPELL_Teleport_mono.wav
  artifactKey: Guid(5b3f7f9cb9a526d43aaa1d38b30f6dea) Importer(815301076,1909f56bfc062723c751e8b465ee728b)
Start importing Assets/Universal Sound FX/MAGIC_SPELLS/MAGIC_SPELL_Teleport_mono.wav using Guid(5b3f7f9cb9a526d43aaa1d38b30f6dea) Importer(815301076,1909f56bfc062723c751e8b465ee728b)  -> (artifact id: '18d911d6188e26ed0257f677dca45ef8') in 0.013265 seconds 
========================================================================
Received Import Request.
  Time since last request: 3.337606 seconds.
  path: Assets/Universal Sound FX/MAGIC_SPELLS/MAGIC_SPELL_Metallic_Rain_Up_stereo.wav
  artifactKey: Guid(f0da06d6c5495c8449d72a3abd755363) Importer(815301076,1909f56bfc062723c751e8b465ee728b)
Start importing Assets/Universal Sound FX/MAGIC_SPELLS/MAGIC_SPELL_Metallic_Rain_Up_stereo.wav using Guid(f0da06d6c5495c8449d72a3abd755363) Importer(815301076,1909f56bfc062723c751e8b465ee728b)  -> (artifact id: 'ee378a3446188d53ba1792e68ffe7b0f') in 0.013859 seconds 
========================================================================
Received Import Request.
  Time since last request: 2.591192 seconds.
  path: Assets/Universal Sound FX/MAGIC_SPELLS/MAGIC_SPELL_Passing_Tunnel_Sci-Fi_Rapid_Echo_Subtle_stereo.wav
  artifactKey: Guid(973e92412dd5a2f438be5e9627e9e558) Importer(815301076,1909f56bfc062723c751e8b465ee728b)
Start importing Assets/Universal Sound FX/MAGIC_SPELLS/MAGIC_SPELL_Passing_Tunnel_Sci-Fi_Rapid_Echo_Subtle_stereo.wav using Guid(973e92412dd5a2f438be5e9627e9e558) Importer(815301076,1909f56bfc062723c751e8b465ee728b)  -> (artifact id: 'd764bf983b1a065b4279c7e465f792d9') in 0.014090 seconds 
========================================================================
Received Import Request.
  Time since last request: 2.286604 seconds.
  path: Assets/Universal Sound FX/MAGIC_SPELLS/MAGIC_SPELL_Ghost_Metallic_Whoosh_stereo.wav
  artifactKey: Guid(469bce518dcbd4f48bc3706bc7202c2e) Importer(815301076,1909f56bfc062723c751e8b465ee728b)
Start importing Assets/Universal Sound FX/MAGIC_SPELLS/MAGIC_SPELL_Ghost_Metallic_Whoosh_stereo.wav using Guid(469bce518dcbd4f48bc3706bc7202c2e) Importer(815301076,1909f56bfc062723c751e8b465ee728b)  -> (artifact id: 'ce951c9017eb305e526577c3e1cc7a9e') in 0.015668 seconds 
========================================================================
Received Import Request.
  Time since last request: 3.624296 seconds.
  path: Assets/Universal Sound FX/MAGIC_SPELLS/MAGIC_SPELL_Flyby_Whoosh_Airy_Pad_Subtle_stereo.wav
  artifactKey: Guid(40dc1da9e33a3d248b53ca23b574c013) Importer(815301076,1909f56bfc062723c751e8b465ee728b)
Start importing Assets/Universal Sound FX/MAGIC_SPELLS/MAGIC_SPELL_Flyby_Whoosh_Airy_Pad_Subtle_stereo.wav using Guid(40dc1da9e33a3d248b53ca23b574c013) Importer(815301076,1909f56bfc062723c751e8b465ee728b)  -> (artifact id: '31807e2abb0ccca650a71af1e16e34be') in 0.017961 seconds 
========================================================================
Received Prepare
Registering precompiled user dll's ...
Registered in 0.005674 seconds.
Begin MonoManager ReloadAssembly
Native extension for WindowsStandalone target not found
Native extension for WebGL target not found
Refreshing native plugins compatible for Editor in 1.81 ms, found 2 plugins.
Preloading 0 native plugins for Editor in 0.00 ms.
Loading style catalogs (6)
	StyleSheets/Extensions/base/common.uss
	UIPackageResources/StyleSheets/Default/Variables/Public/common.uss
	StyleSheets/Northstar/common.uss
	StyleSheets/Extensions/fonts/inter.uss
	StyleSheets/Extensions/base/dark.uss
	UIPackageResources/StyleSheets/Default/Northstar/Palette/dark.uss
Mono: successfully reloaded assembly
- Completed reload, in  1.892 seconds
Platform modules already initialized, skipping
Shader 'MoreMountains/MMRipple': fallback shader 'Particle/AlphaBlended' not found
Shader 'Universal Render Pipeline/Particles/Lit': fallback shader 'Universal Render Pipeline/Particles/SimpleLit' not found
Refreshing native plugins compatible for Editor in 2.14 ms, found 2 plugins.
Preloading 0 native plugins for Editor in 0.00 ms.
Unloading 5327 Unused Serialized files (Serialized files now loaded: 0)
System memory in use before: 292.4 MB.
System memory in use after: 292.8 MB.

Unloading 20 unused Assets to reduce memory usage. Loaded Objects now: 5972.
Total: 8.053700 ms (FindLiveObjects: 0.980700 ms CreateObjectMapping: 0.683000 ms MarkObjects: 6.349200 ms  DeleteObjects: 0.038800 ms)

AssetImportWorkerClient::OnTransportError - code=2 error=End of file
