Using pre-set license
Built from '2021.1/staging' branch; Version is '2021.1.3f1 (4bef613afd59) revision 4976481'; Using compiler version '192528614'; Build Type 'Release'
OS: 'Windows 10 Home; OS build 19042.1165; Version 2009; 64bit' Language: 'en' Physical Memory: 16333 MB
BatchMode: 1, IsHumanControllingUs: 0, StartBugReporterOnCrash: 0, Is64bit: 1, IsPro: 0

 COMMAND LINE ARGUMENTS:
C:\Program Files\Unity\Hub\Editor\2021.1.3f1\Editor\Unity.exe
-adb2
-batchMode
-noUpm
-name
AssetImportWorker0
-projectPath
D:/Unity/Projects/Udemy/Laser-Defender/Laser Defender Redux
-logFile
Logs/AssetImportWorker0.log
-srvPort
64054
Successfully changed project path to: D:/Unity/Projects/Udemy/Laser-Defender/Laser Defender Redux
D:/Unity/Projects/Udemy/Laser-Defender/Laser Defender Redux
Using Asset Import Pipeline V2.
Refreshing native plugins compatible for Editor in 243.56 ms, found 2 plugins.
Preloading 0 native plugins for Editor in 0.00 ms.
Initialize engine version: 2021.1.3f1 (4bef613afd59)
[Subsystems] Discovering subsystems at path C:/Program Files/Unity/Hub/Editor/2021.1.3f1/Editor/Data/Resources/UnitySubsystems
[Subsystems] Discovering subsystems at path D:/Unity/Projects/Udemy/Laser-Defender/Laser Defender Redux/Assets
GfxDevice: creating device client; threaded=0; jobified=0
Direct3D:
    Version:  Direct3D 11.0 [level 11.1]
    Renderer: NVIDIA GeForce GTX 1660 (ID=0x2184)
    Vendor:   NVIDIA
    VRAM:     5991 MB
    Driver:   27.21.14.6677
Shader 'MoreMountains/MMRipple': fallback shader 'Particle/AlphaBlended' not found
Shader 'Universal Render Pipeline/Particles/Lit': fallback shader 'Universal Render Pipeline/Particles/SimpleLit' not found
Initialize mono
Mono path[0] = 'C:/Program Files/Unity/Hub/Editor/2021.1.3f1/Editor/Data/Managed'
Mono path[1] = 'C:/Program Files/Unity/Hub/Editor/2021.1.3f1/Editor/Data/MonoBleedingEdge/lib/mono/unityjit'
Mono config path = 'C:/Program Files/Unity/Hub/Editor/2021.1.3f1/Editor/Data/MonoBleedingEdge/etc'
Using monoOptions --debugger-agent=transport=dt_socket,embedding=1,server=y,suspend=n,address=127.0.0.1:56504
Begin MonoManager ReloadAssembly
Registering precompiled unity dll's ...
Register platform support module: C:/Program Files/Unity/Hub/Editor/2021.1.3f1/Editor/Data/PlaybackEngines/WebGLSupport/UnityEditor.WebGL.Extensions.dll
Register platform support module: C:/Program Files/Unity/Hub/Editor/2021.1.3f1/Editor/Data/PlaybackEngines/WindowsStandaloneSupport/UnityEditor.WindowsStandalone.Extensions.dll
Registered in 0.003399 seconds.
Native extension for WindowsStandalone target not found
Native extension for WebGL target not found
Refreshing native plugins compatible for Editor in 309.86 ms, found 2 plugins.
Preloading 0 native plugins for Editor in 0.00 ms.
Mono: successfully reloaded assembly
- Completed reload, in  2.509 seconds
Platform modules already initialized, skipping
Registering precompiled user dll's ...
Registered in 0.007207 seconds.
Begin MonoManager ReloadAssembly
Native extension for WindowsStandalone target not found
Native extension for WebGL target not found
Refreshing native plugins compatible for Editor in 242.40 ms, found 2 plugins.
Preloading 0 native plugins for Editor in 0.00 ms.
Mono: successfully reloaded assembly
- Completed reload, in  1.690 seconds
Platform modules already initialized, skipping
========================================================================
Worker process is ready to serve import requests
Shader 'MoreMountains/MMRipple': fallback shader 'Particle/AlphaBlended' not found
Shader 'Universal Render Pipeline/Particles/Lit': fallback shader 'Universal Render Pipeline/Particles/SimpleLit' not found
Launched and connected shader compiler UnityShaderCompiler.exe after 0.06 seconds
Refreshing native plugins compatible for Editor in 1.30 ms, found 2 plugins.
Preloading 0 native plugins for Editor in 0.00 ms.
Unloading 5378 Unused Serialized files (Serialized files now loaded: 0)
System memory in use before: 359.4 MB.
System memory in use after: 359.8 MB.

Unloading 34 unused Assets to reduce memory usage. Loaded Objects now: 5838.
Total: 3.535000 ms (FindLiveObjects: 0.443700 ms CreateObjectMapping: 0.172100 ms MarkObjects: 2.782300 ms  DeleteObjects: 0.135200 ms)

========================================================================
Received Import Request.
  path: Assets/Shaders/Outline.shadergraph
  artifactKey: Guid(8ba6f6cc4e75ff24a909ed87d888d361) Importer(815301076,1909f56bfc062723c751e8b465ee728b)
Start importing Assets/Shaders/Outline.shadergraph using Guid(8ba6f6cc4e75ff24a909ed87d888d361) Importer(815301076,1909f56bfc062723c751e8b465ee728b)  -> (artifact id: '5b1e6e5f0658e742b72d7df30000a2b3') in 0.043495 seconds 
========================================================================
Received Import Request.
  Time since last request: 39.644069 seconds.
  path: Assets/Sprites/playerShip1_blue.png
  artifactKey: Guid(57a0f678af6473e4799ecc1ae8a36b2f) Importer(815301076,1909f56bfc062723c751e8b465ee728b)
Start importing Assets/Sprites/playerShip1_blue.png using Guid(57a0f678af6473e4799ecc1ae8a36b2f) Importer(815301076,1909f56bfc062723c751e8b465ee728b)  -> (artifact id: '6ff247cef026aa7c5e256961b3977aa5') in 0.108754 seconds 
========================================================================
Received Import Request.
  Time since last request: 2.431991 seconds.
  path: Assets/Sprites/playerShip1_blue.png
  artifactKey: Guid(57a0f678af6473e4799ecc1ae8a36b2f) Importer(815301076,1909f56bfc062723c751e8b465ee728b)
Start importing Assets/Sprites/playerShip1_blue.png using Guid(57a0f678af6473e4799ecc1ae8a36b2f) Importer(815301076,1909f56bfc062723c751e8b465ee728b)  -> (artifact id: 'c8e383196709a295e42bd48fdcee55a4') in 0.012838 seconds 
========================================================================
Received Import Request.
  Time since last request: 4.596304 seconds.
  path: Assets/Sprites/playerShip1_blue.png
  artifactKey: Guid(57a0f678af6473e4799ecc1ae8a36b2f) Importer(815301076,1909f56bfc062723c751e8b465ee728b)
Start importing Assets/Sprites/playerShip1_blue.png using Guid(57a0f678af6473e4799ecc1ae8a36b2f) Importer(815301076,1909f56bfc062723c751e8b465ee728b)  -> (artifact id: '06f4e72caee3fa701de7447edb1e99ff') in 0.013179 seconds 
========================================================================
Received Import Request.
  Time since last request: 4.636419 seconds.
  path: Assets/Sprites/playerShip1_blue.png
  artifactKey: Guid(57a0f678af6473e4799ecc1ae8a36b2f) Importer(815301076,1909f56bfc062723c751e8b465ee728b)
Start importing Assets/Sprites/playerShip1_blue.png using Guid(57a0f678af6473e4799ecc1ae8a36b2f) Importer(815301076,1909f56bfc062723c751e8b465ee728b)  -> (artifact id: '0298d58063e553c6c2a3e93e07d1809e') in 0.014339 seconds 
========================================================================
Received Prepare
Registering precompiled user dll's ...
Registered in 0.004406 seconds.
Begin MonoManager ReloadAssembly
Native extension for WindowsStandalone target not found
Native extension for WebGL target not found
Refreshing native plugins compatible for Editor in 1.33 ms, found 2 plugins.
Preloading 0 native plugins for Editor in 0.00 ms.
Mono: successfully reloaded assembly
- Completed reload, in  1.354 seconds
Platform modules already initialized, skipping
Shader 'MoreMountains/MMRipple': fallback shader 'Particle/AlphaBlended' not found
Shader 'Universal Render Pipeline/Particles/Lit': fallback shader 'Universal Render Pipeline/Particles/SimpleLit' not found
Refreshing native plugins compatible for Editor in 1.34 ms, found 2 plugins.
Preloading 0 native plugins for Editor in 0.00 ms.
Unloading 5228 Unused Serialized files (Serialized files now loaded: 0)
System memory in use before: 354.0 MB.
System memory in use after: 354.4 MB.

Unloading 23 unused Assets to reduce memory usage. Loaded Objects now: 5905.
Total: 4.317300 ms (FindLiveObjects: 0.545100 ms CreateObjectMapping: 0.208000 ms MarkObjects: 3.437600 ms  DeleteObjects: 0.125300 ms)

========================================================================
Received Prepare
Registering precompiled user dll's ...
Registered in 0.004347 seconds.
Begin MonoManager ReloadAssembly
Native extension for WindowsStandalone target not found
Native extension for WebGL target not found
Refreshing native plugins compatible for Editor in 1.32 ms, found 2 plugins.
Preloading 0 native plugins for Editor in 0.00 ms.
Mono: successfully reloaded assembly
- Completed reload, in  1.356 seconds
Platform modules already initialized, skipping
Shader 'MoreMountains/MMRipple': fallback shader 'Particle/AlphaBlended' not found
Shader 'Universal Render Pipeline/Particles/Lit': fallback shader 'Universal Render Pipeline/Particles/SimpleLit' not found
Refreshing native plugins compatible for Editor in 1.44 ms, found 2 plugins.
Preloading 0 native plugins for Editor in 0.00 ms.
Unloading 5227 Unused Serialized files (Serialized files now loaded: 0)
System memory in use before: 354.1 MB.
System memory in use after: 354.4 MB.

Unloading 23 unused Assets to reduce memory usage. Loaded Objects now: 5909.
Total: 4.054400 ms (FindLiveObjects: 0.496400 ms CreateObjectMapping: 0.171300 ms MarkObjects: 3.262100 ms  DeleteObjects: 0.123300 ms)

========================================================================
Received Import Request.
  Time since last request: 2439.140665 seconds.
  path: Assets/Sprites/playerShip1_blue.png
  artifactKey: Guid(57a0f678af6473e4799ecc1ae8a36b2f) Importer(815301076,1909f56bfc062723c751e8b465ee728b)
Start importing Assets/Sprites/playerShip1_blue.png using Guid(57a0f678af6473e4799ecc1ae8a36b2f) Importer(815301076,1909f56bfc062723c751e8b465ee728b)  -> (artifact id: '9a0982e642000d4f7f3b84b886931396') in 0.072474 seconds 
========================================================================
Received Prepare
Registering precompiled user dll's ...
Registered in 0.004441 seconds.
Begin MonoManager ReloadAssembly
Native extension for WindowsStandalone target not found
Native extension for WebGL target not found
Refreshing native plugins compatible for Editor in 1.31 ms, found 2 plugins.
Preloading 0 native plugins for Editor in 0.00 ms.
Mono: successfully reloaded assembly
- Completed reload, in  1.338 seconds
Platform modules already initialized, skipping
Shader 'MoreMountains/MMRipple': fallback shader 'Particle/AlphaBlended' not found
Shader 'Universal Render Pipeline/Particles/Lit': fallback shader 'Universal Render Pipeline/Particles/SimpleLit' not found
Refreshing native plugins compatible for Editor in 1.34 ms, found 2 plugins.
Preloading 0 native plugins for Editor in 0.00 ms.
Unloading 5227 Unused Serialized files (Serialized files now loaded: 0)
System memory in use before: 354.5 MB.
System memory in use after: 354.9 MB.

Unloading 23 unused Assets to reduce memory usage. Loaded Objects now: 5930.
Total: 3.956400 ms (FindLiveObjects: 0.472100 ms CreateObjectMapping: 0.176700 ms MarkObjects: 3.180500 ms  DeleteObjects: 0.125500 ms)

========================================================================
Received Prepare
Registering precompiled user dll's ...
Registered in 0.004447 seconds.
Begin MonoManager ReloadAssembly
Native extension for WindowsStandalone target not found
Native extension for WebGL target not found
Refreshing native plugins compatible for Editor in 1.84 ms, found 2 plugins.
Preloading 0 native plugins for Editor in 0.00 ms.
Mono: successfully reloaded assembly
- Completed reload, in  1.355 seconds
Platform modules already initialized, skipping
Shader 'MoreMountains/MMRipple': fallback shader 'Particle/AlphaBlended' not found
Shader 'Universal Render Pipeline/Particles/Lit': fallback shader 'Universal Render Pipeline/Particles/SimpleLit' not found
Refreshing native plugins compatible for Editor in 1.31 ms, found 2 plugins.
Preloading 0 native plugins for Editor in 0.00 ms.
Unloading 5227 Unused Serialized files (Serialized files now loaded: 0)
System memory in use before: 354.6 MB.
System memory in use after: 354.9 MB.

Unloading 23 unused Assets to reduce memory usage. Loaded Objects now: 5934.
Total: 3.986900 ms (FindLiveObjects: 0.542700 ms CreateObjectMapping: 0.202500 ms MarkObjects: 3.107300 ms  DeleteObjects: 0.133200 ms)

========================================================================
Received Import Request.
  Time since last request: 705.567252 seconds.
  path: Assets/Shaders/Outline.shadergraph
  artifactKey: Guid(8ba6f6cc4e75ff24a909ed87d888d361) Importer(815301076,1909f56bfc062723c751e8b465ee728b)
Start importing Assets/Shaders/Outline.shadergraph using Guid(8ba6f6cc4e75ff24a909ed87d888d361) Importer(815301076,1909f56bfc062723c751e8b465ee728b)  -> (artifact id: '0f04bc09d83ba08469680351bee31839') in 0.022962 seconds 
========================================================================
Received Prepare
Registering precompiled user dll's ...
Registered in 0.004349 seconds.
Begin MonoManager ReloadAssembly
Native extension for WindowsStandalone target not found
Native extension for WebGL target not found
Refreshing native plugins compatible for Editor in 1.58 ms, found 2 plugins.
Preloading 0 native plugins for Editor in 0.00 ms.
Mono: successfully reloaded assembly
- Completed reload, in  1.383 seconds
Platform modules already initialized, skipping
Shader 'MoreMountains/MMRipple': fallback shader 'Particle/AlphaBlended' not found
Shader 'Universal Render Pipeline/Particles/Lit': fallback shader 'Universal Render Pipeline/Particles/SimpleLit' not found
Refreshing native plugins compatible for Editor in 1.42 ms, found 2 plugins.
Preloading 0 native plugins for Editor in 0.00 ms.
Unloading 5227 Unused Serialized files (Serialized files now loaded: 0)
System memory in use before: 354.4 MB.
System memory in use after: 354.8 MB.

Unloading 23 unused Assets to reduce memory usage. Loaded Objects now: 5938.
Total: 5.322400 ms (FindLiveObjects: 0.596900 ms CreateObjectMapping: 0.251600 ms MarkObjects: 4.272800 ms  DeleteObjects: 0.199300 ms)

========================================================================
Received Import Request.
  Time since last request: 58.638800 seconds.
  path: Assets/Shaders/Outline.shadergraph
  artifactKey: Guid(8ba6f6cc4e75ff24a909ed87d888d361) Importer(815301076,1909f56bfc062723c751e8b465ee728b)
Start importing Assets/Shaders/Outline.shadergraph using Guid(8ba6f6cc4e75ff24a909ed87d888d361) Importer(815301076,1909f56bfc062723c751e8b465ee728b)  -> (artifact id: 'a5054fa8d55031e4c4306a401060d03d') in 0.017796 seconds 
========================================================================
Received Import Request.
  Time since last request: 249.218991 seconds.
  path: Assets/Shaders/Outline.shadergraph
  artifactKey: Guid(8ba6f6cc4e75ff24a909ed87d888d361) Importer(815301076,1909f56bfc062723c751e8b465ee728b)
Start importing Assets/Shaders/Outline.shadergraph using Guid(8ba6f6cc4e75ff24a909ed87d888d361) Importer(815301076,1909f56bfc062723c751e8b465ee728b)  -> (artifact id: 'b4e76befac46ef73597dd9554597f048') in 0.002544 seconds 
========================================================================
Received Import Request.
  Time since last request: 113.116499 seconds.
  path: Assets/Sprites/enemyBlack4.png
  artifactKey: Guid(f3c137698c6d6b144bd0a4f2a0e2dad7) Importer(815301076,1909f56bfc062723c751e8b465ee728b)
Start importing Assets/Sprites/enemyBlack4.png using Guid(f3c137698c6d6b144bd0a4f2a0e2dad7) Importer(815301076,1909f56bfc062723c751e8b465ee728b)  -> (artifact id: '88523e1358066b7a582c2f63a8b09540') in 0.065826 seconds 
========================================================================
Received Import Request.
  Time since last request: 17.945647 seconds.
  path: Assets/Sprites/enemyBlack4.png
  artifactKey: Guid(f3c137698c6d6b144bd0a4f2a0e2dad7) Importer(815301076,1909f56bfc062723c751e8b465ee728b)
Start importing Assets/Sprites/enemyBlack4.png using Guid(f3c137698c6d6b144bd0a4f2a0e2dad7) Importer(815301076,1909f56bfc062723c751e8b465ee728b)  -> (artifact id: 'addc88585f135f8fa3bbc7ab1109e207') in 0.018375 seconds 
========================================================================
Received Import Request.
  Time since last request: 9.652890 seconds.
  path: Assets/Sprites/enemyBlack4.png
  artifactKey: Guid(f3c137698c6d6b144bd0a4f2a0e2dad7) Importer(815301076,1909f56bfc062723c751e8b465ee728b)
Start importing Assets/Sprites/enemyBlack4.png using Guid(f3c137698c6d6b144bd0a4f2a0e2dad7) Importer(815301076,1909f56bfc062723c751e8b465ee728b)  -> (artifact id: '33032d23ad34c85b418657cb462b2f0d') in 0.016022 seconds 
========================================================================
Received Prepare
Registering precompiled user dll's ...
Registered in 0.005470 seconds.
Begin MonoManager ReloadAssembly
Native extension for WindowsStandalone target not found
Native extension for WebGL target not found
Refreshing native plugins compatible for Editor in 1.29 ms, found 2 plugins.
Preloading 0 native plugins for Editor in 0.00 ms.
Mono: successfully reloaded assembly
- Completed reload, in  1.435 seconds
Platform modules already initialized, skipping
Shader 'MoreMountains/MMRipple': fallback shader 'Particle/AlphaBlended' not found
Shader 'Universal Render Pipeline/Particles/Lit': fallback shader 'Universal Render Pipeline/Particles/SimpleLit' not found
Refreshing native plugins compatible for Editor in 1.30 ms, found 2 plugins.
Preloading 0 native plugins for Editor in 0.00 ms.
Unloading 5228 Unused Serialized files (Serialized files now loaded: 0)
System memory in use before: 355.7 MB.
System memory in use after: 356.1 MB.

Unloading 23 unused Assets to reduce memory usage. Loaded Objects now: 5990.
Total: 6.083200 ms (FindLiveObjects: 0.788000 ms CreateObjectMapping: 0.441200 ms MarkObjects: 4.704600 ms  DeleteObjects: 0.147400 ms)

========================================================================
Received Prepare
Registering precompiled user dll's ...
Registered in 0.004382 seconds.
Begin MonoManager ReloadAssembly
Native extension for WindowsStandalone target not found
Native extension for WebGL target not found
Refreshing native plugins compatible for Editor in 1.37 ms, found 2 plugins.
Preloading 0 native plugins for Editor in 0.00 ms.
Mono: successfully reloaded assembly
- Completed reload, in  1.376 seconds
Platform modules already initialized, skipping
Shader 'MoreMountains/MMRipple': fallback shader 'Particle/AlphaBlended' not found
Shader 'Universal Render Pipeline/Particles/Lit': fallback shader 'Universal Render Pipeline/Particles/SimpleLit' not found
Refreshing native plugins compatible for Editor in 1.35 ms, found 2 plugins.
Preloading 0 native plugins for Editor in 0.00 ms.
Unloading 5227 Unused Serialized files (Serialized files now loaded: 0)
System memory in use before: 355.8 MB.
System memory in use after: 356.2 MB.

Unloading 23 unused Assets to reduce memory usage. Loaded Objects now: 5994.
Total: 4.030800 ms (FindLiveObjects: 0.668400 ms CreateObjectMapping: 0.249400 ms MarkObjects: 2.988600 ms  DeleteObjects: 0.122700 ms)

========================================================================
Received Prepare
Registering precompiled user dll's ...
Registered in 0.004548 seconds.
Begin MonoManager ReloadAssembly
Native extension for WindowsStandalone target not found
Native extension for WebGL target not found
Refreshing native plugins compatible for Editor in 1.30 ms, found 2 plugins.
Preloading 0 native plugins for Editor in 0.00 ms.
Mono: successfully reloaded assembly
- Completed reload, in  1.338 seconds
Platform modules already initialized, skipping
Shader 'MoreMountains/MMRipple': fallback shader 'Particle/AlphaBlended' not found
Shader 'Universal Render Pipeline/Particles/Lit': fallback shader 'Universal Render Pipeline/Particles/SimpleLit' not found
Refreshing native plugins compatible for Editor in 1.46 ms, found 2 plugins.
Preloading 0 native plugins for Editor in 0.00 ms.
Unloading 5227 Unused Serialized files (Serialized files now loaded: 0)
System memory in use before: 355.9 MB.
System memory in use after: 356.2 MB.

Unloading 23 unused Assets to reduce memory usage. Loaded Objects now: 5998.
Total: 3.513900 ms (FindLiveObjects: 0.455300 ms CreateObjectMapping: 0.154700 ms MarkObjects: 2.779200 ms  DeleteObjects: 0.123700 ms)

========================================================================
Received Import Request.
  Time since last request: 464.932318 seconds.
  path: Assets/Prefabs/Boss.prefab
  artifactKey: Guid(d0314a6b763fe424293a468a18ddcf05) Importer(815301076,1909f56bfc062723c751e8b465ee728b)
Start importing Assets/Prefabs/Boss.prefab using Guid(d0314a6b763fe424293a468a18ddcf05) Importer(815301076,1909f56bfc062723c751e8b465ee728b)  -> (artifact id: 'aba20d8e25678b5695bd67841e6cbbc0') in 0.272607 seconds 
========================================================================
Received Prepare
Registering precompiled user dll's ...
Registered in 0.004462 seconds.
Begin MonoManager ReloadAssembly
Native extension for WindowsStandalone target not found
Native extension for WebGL target not found
Refreshing native plugins compatible for Editor in 1.43 ms, found 2 plugins.
Preloading 0 native plugins for Editor in 0.00 ms.
Mono: successfully reloaded assembly
- Completed reload, in  1.387 seconds
Platform modules already initialized, skipping
Shader 'MoreMountains/MMRipple': fallback shader 'Particle/AlphaBlended' not found
Shader 'Universal Render Pipeline/Particles/Lit': fallback shader 'Universal Render Pipeline/Particles/SimpleLit' not found
Refreshing native plugins compatible for Editor in 1.28 ms, found 2 plugins.
Preloading 0 native plugins for Editor in 0.00 ms.
Unloading 5227 Unused Serialized files (Serialized files now loaded: 0)
System memory in use before: 358.2 MB.
System memory in use after: 358.5 MB.

Unloading 23 unused Assets to reduce memory usage. Loaded Objects now: 6047.
Total: 5.239700 ms (FindLiveObjects: 0.662600 ms CreateObjectMapping: 0.336900 ms MarkObjects: 4.103100 ms  DeleteObjects: 0.135200 ms)

========================================================================
Received Prepare
Registering precompiled user dll's ...
Registered in 0.004293 seconds.
Begin MonoManager ReloadAssembly
Native extension for WindowsStandalone target not found
Native extension for WebGL target not found
Refreshing native plugins compatible for Editor in 1.54 ms, found 2 plugins.
Preloading 0 native plugins for Editor in 0.00 ms.
Mono: successfully reloaded assembly
- Completed reload, in  1.445 seconds
Platform modules already initialized, skipping
Shader 'MoreMountains/MMRipple': fallback shader 'Particle/AlphaBlended' not found
Shader 'Universal Render Pipeline/Particles/Lit': fallback shader 'Universal Render Pipeline/Particles/SimpleLit' not found
Refreshing native plugins compatible for Editor in 1.93 ms, found 2 plugins.
Preloading 0 native plugins for Editor in 0.00 ms.
Unloading 5227 Unused Serialized files (Serialized files now loaded: 0)
System memory in use before: 358.2 MB.
System memory in use after: 358.5 MB.

Unloading 23 unused Assets to reduce memory usage. Loaded Objects now: 6051.
Total: 4.193600 ms (FindLiveObjects: 0.616500 ms CreateObjectMapping: 0.253900 ms MarkObjects: 3.191900 ms  DeleteObjects: 0.129400 ms)

========================================================================
Received Prepare
Registering precompiled user dll's ...
Registered in 0.004340 seconds.
Begin MonoManager ReloadAssembly
Native extension for WindowsStandalone target not found
Native extension for WebGL target not found
Refreshing native plugins compatible for Editor in 1.32 ms, found 2 plugins.
Preloading 0 native plugins for Editor in 0.00 ms.
Mono: successfully reloaded assembly
- Completed reload, in  1.385 seconds
Platform modules already initialized, skipping
Shader 'MoreMountains/MMRipple': fallback shader 'Particle/AlphaBlended' not found
Shader 'Universal Render Pipeline/Particles/Lit': fallback shader 'Universal Render Pipeline/Particles/SimpleLit' not found
Refreshing native plugins compatible for Editor in 1.29 ms, found 2 plugins.
Preloading 0 native plugins for Editor in 0.00 ms.
Unloading 5227 Unused Serialized files (Serialized files now loaded: 0)
System memory in use before: 358.2 MB.
System memory in use after: 358.5 MB.

Unloading 23 unused Assets to reduce memory usage. Loaded Objects now: 6055.
Total: 4.009400 ms (FindLiveObjects: 0.562900 ms CreateObjectMapping: 0.214000 ms MarkObjects: 3.105800 ms  DeleteObjects: 0.125400 ms)

AssetImportWorkerClient::OnTransportError - code=2 error=End of file
